Flutter crash report.
Please report a bug at https://github.com/flutter/flutter/issues.

## command

flutter assemble --no-version-check --output=/Users/imac/Workspace/project/onsite_flutter/onsite_flutter/build/ios/Debug-iphoneos/ -dTargetPlatform=ios -dTargetFile=/Users/imac/Workspace/project/onsite_flutter/onsite_flutter/lib/main.dart -dBuildMode=debug -dIosArchs=arm64 -dSdkRoot=/Applications/Xcode.app/Contents/Developer/Platforms/iPhoneOS.platform/Developer/SDKs/iPhoneOS15.2.sdk -dSplitDebugInfo= -dTreeShakeIcons=false -dTrackWidgetCreation=true -dDartObfuscation=false -dEnableBitcode= --ExtraGenSnapshotOptions= --DartDefines=Zmx1dHRlci5pbnNwZWN0b3Iuc3RydWN0dXJlZEVycm9ycz10cnVl,RkxVVFRFUl9XRUJfQVVUT19ERVRFQ1Q9dHJ1ZQ== --ExtraFrontEndOptions= -dCodesignIdentity=7E2EB437EE57A77185D542813226115998E1CF36 debug_ios_bundle_flutter_assets

## exception

FileSystemException: FileSystemException: Cannot open file, path = '/Users/imac/Workspace/project/onsite_flutter/onsite_flutter/.dart_tool/flutter_build/e793adbb5bfa8d2e64b924cf9f86c6a6/outputs.json' (OS Error: No such file or directory, errno = 2)

```
#0      _File.throwIfError (dart:io/file_impl.dart:635:7)
#1      _File.openSync (dart:io/file_impl.dart:479:5)
#2      _File.writeAsBytesSync (dart:io/file_impl.dart:604:31)
#3      _File.writeAsStringSync (dart:io/file_impl.dart:628:5)
#4      ForwardingFile.writeAsStringSync (package:file/src/forwarding/forwarding_file.dart:147:16)
#5      ErrorHandlingFile.writeAsStringSync.<anonymous closure> (package:flutter_tools/src/base/error_handling_io.dart:271:22)
#6      _runSync (package:flutter_tools/src/base/error_handling_io.dart:597:14)
#7      ErrorHandlingFile.writeAsStringSync (package:flutter_tools/src/base/error_handling_io.dart:270:5)
#8      FlutterBuildSystem.build (package:flutter_tools/src/build_system/build_system.dart:634:8)
<asynchronous suspension>
#9      AssembleCommand.runCommand (package:flutter_tools/src/commands/assemble.dart:316:32)
<asynchronous suspension>
#10     FlutterCommand.run.<anonymous closure> (package:flutter_tools/src/runner/flutter_command.dart:1209:27)
<asynchronous suspension>
#11     AppContext.run.<anonymous closure> (package:flutter_tools/src/base/context.dart:150:19)
<asynchronous suspension>
#12     CommandRunner.runCommand (package:args/command_runner.dart:209:13)
<asynchronous suspension>
#13     FlutterCommandRunner.runCommand.<anonymous closure> (package:flutter_tools/src/runner/flutter_command_runner.dart:281:9)
<asynchronous suspension>
#14     AppContext.run.<anonymous closure> (package:flutter_tools/src/base/context.dart:150:19)
<asynchronous suspension>
#15     FlutterCommandRunner.runCommand (package:flutter_tools/src/runner/flutter_command_runner.dart:229:5)
<asynchronous suspension>
#16     run.<anonymous closure>.<anonymous closure> (package:flutter_tools/runner.dart:62:9)
<asynchronous suspension>
#17     AppContext.run.<anonymous closure> (package:flutter_tools/src/base/context.dart:150:19)
<asynchronous suspension>
#18     main (package:flutter_tools/executable.dart:91:3)
<asynchronous suspension>
```

## flutter doctor

```
[✓] Flutter (Channel stable, 3.3.7, on macOS 11.6.4 20G417 darwin-x64, locale en-GB)
    • Flutter version 3.3.7 on channel stable at /Users/imac/Workspace/flutter
    • Upstream repository https://github.com/flutter/flutter.git
    • Framework revision e99c9c7cd9 (5 weeks ago), 2022-11-01 16:59:00 -0700
    • Engine revision 857bd6b74c
    • Dart version 2.18.4
    • DevTools version 2.15.0

[✓] Android toolchain - develop for Android devices (Android SDK version 33.0.0-rc4)
    • Android SDK at /Users/imac/Library/Android/sdk
    • Platform android-33, build-tools 33.0.0-rc4
    • Java binary at: /Applications/Android Studio.app/Contents/jre/Contents/Home/bin/java
    • Java version OpenJDK Runtime Environment (build 11.0.12+0-b1504.28-7817840)
    • All Android licenses accepted.

[✓] Xcode - develop for iOS and macOS (Xcode 13.2.1)
    • Xcode at /Applications/Xcode.app/Contents/Developer
    • Build 13C100
    • CocoaPods version 1.11.3

[✓] Chrome - develop for the web
    • Chrome at /Applications/Google Chrome.app/Contents/MacOS/Google Chrome

[✓] Android Studio (version 2021.2)
    • Android Studio at /Applications/Android Studio.app/Contents
    • Flutter plugin can be installed from:
      🔨 https://plugins.jetbrains.com/plugin/9212-flutter
    • Dart plugin can be installed from:
      🔨 https://plugins.jetbrains.com/plugin/6351-dart
    • Java version OpenJDK Runtime Environment (build 11.0.12+0-b1504.28-7817840)

[✓] VS Code (version 1.73.1)
    • VS Code at /Applications/Visual Studio Code.app/Contents
    • Flutter extension version 3.52.0

[✓] Connected device (4 available)
    • Keyur’s iPhone (mobile)             • 93484e1f3de273f9db03def191035e68f4f111bb • ios            • iOS 14.4 18D52
    • iPhone SE (2nd generation) (mobile) • F2D27E10-32BF-4B69-A6AD-C6C08AC12AF0     • ios            • com.apple.CoreSimulator.SimRuntime.iOS-15-2 (simulator)
    • macOS (desktop)                     • macos                                    • darwin-x64     • macOS 11.6.4 20G417 darwin-x64
    • Chrome (web)                        • chrome                                   • web-javascript • Google Chrome 107.0.5304.121

[✓] HTTP Host Availability
    • All required HTTP hosts are available

• No issues found!
```
